{"C:\\Users\\Aarne\\Programming\\ReactNative\\course-react-native-testing\\app\\_layout.tsx": {"path":"C:\\Users\\Aarne\\Programming\\ReactNative\\course-react-native-testing\\app\\_layout.tsx","statementMap":{"0":{"start":{"line":13,"column":0},"end":{"line":13,"column":36}},"1":{"start":{"line":16,"column":26},"end":{"line":19,"column":4}},"2":{"start":{"line":22,"column":2},"end":{"line":24,"column":14}},"3":{"start":{"line":23,"column":4},"end":{"line":23,"column":27}},"4":{"start":{"line":23,"column":15},"end":{"line":23,"column":27}},"5":{"start":{"line":26,"column":2},"end":{"line":30,"column":15}},"6":{"start":{"line":27,"column":4},"end":{"line":29,"column":5}},"7":{"start":{"line":28,"column":6},"end":{"line":28,"column":31}},"8":{"start":{"line":32,"column":2},"end":{"line":34,"column":3}},"9":{"start":{"line":33,"column":4},"end":{"line":33,"column":16}},"10":{"start":{"line":36,"column":2},"end":{"line":36,"column":27}},"11":{"start":{"line":40,"column":2},"end":{"line":44,"column":4}}},"fnMap":{"0":{"name":"RootLayout","decl":{"start":{"line":15,"column":24},"end":{"line":15,"column":34}},"loc":{"start":{"line":15,"column":37},"end":{"line":37,"column":1}},"line":15},"1":{"name":"(anonymous_1)","decl":{"start":{"line":22,"column":12},"end":{"line":22,"column":13}},"loc":{"start":{"line":22,"column":18},"end":{"line":24,"column":3}},"line":22},"2":{"name":"(anonymous_2)","decl":{"start":{"line":26,"column":12},"end":{"line":26,"column":13}},"loc":{"start":{"line":26,"column":18},"end":{"line":30,"column":3}},"line":26},"3":{"name":"RootLayoutNav","decl":{"start":{"line":39,"column":9},"end":{"line":39,"column":22}},"loc":{"start":{"line":39,"column":25},"end":{"line":45,"column":1}},"line":39}},"branchMap":{"0":{"loc":{"start":{"line":23,"column":4},"end":{"line":23,"column":27}},"type":"if","locations":[{"start":{"line":23,"column":4},"end":{"line":23,"column":27}},{"start":{},"end":{}}],"line":23},"1":{"loc":{"start":{"line":27,"column":4},"end":{"line":29,"column":5}},"type":"if","locations":[{"start":{"line":27,"column":4},"end":{"line":29,"column":5}},{"start":{},"end":{}}],"line":27},"2":{"loc":{"start":{"line":32,"column":2},"end":{"line":34,"column":3}},"type":"if","locations":[{"start":{"line":32,"column":2},"end":{"line":34,"column":3}},{"start":{},"end":{}}],"line":32}},"s":{"0":0,"1":0,"2":0,"3":0,"4":0,"5":0,"6":0,"7":0,"8":0,"9":0,"10":0,"11":0},"f":{"0":0,"1":0,"2":0,"3":0},"b":{"0":[0,0],"1":[0,0],"2":[0,0]}}
,"C:\\Users\\Aarne\\Programming\\ReactNative\\course-react-native-testing\\app\\(tabs)\\_layout.tsx": {"path":"C:\\Users\\Aarne\\Programming\\ReactNative\\course-react-native-testing\\app\\(tabs)\\_layout.tsx","statementMap":{"0":{"start":{"line":10,"column":2},"end":{"line":10,"column":75}},"1":{"start":{"line":14,"column":2},"end":{"line":31,"column":4}},"2":{"start":{"line":20,"column":37},"end":{"line":20,"column":77}},"3":{"start":{"line":27,"column":37},"end":{"line":27,"column":77}}},"fnMap":{"0":{"name":"TabBarIcon","decl":{"start":{"line":6,"column":9},"end":{"line":6,"column":19}},"loc":{"start":{"line":9,"column":3},"end":{"line":11,"column":1}},"line":9},"1":{"name":"TabLayout","decl":{"start":{"line":13,"column":24},"end":{"line":13,"column":33}},"loc":{"start":{"line":13,"column":36},"end":{"line":32,"column":1}},"line":13},"2":{"name":"(anonymous_2)","decl":{"start":{"line":20,"column":22},"end":{"line":20,"column":23}},"loc":{"start":{"line":20,"column":37},"end":{"line":20,"column":77}},"line":20},"3":{"name":"(anonymous_3)","decl":{"start":{"line":27,"column":22},"end":{"line":27,"column":23}},"loc":{"start":{"line":27,"column":37},"end":{"line":27,"column":77}},"line":27}},"branchMap":{},"s":{"0":0,"1":0,"2":0,"3":0},"f":{"0":0,"1":0,"2":0,"3":0},"b":{}}
,"C:\\Users\\Aarne\\Programming\\ReactNative\\course-react-native-testing\\app\\(tabs)\\index.tsx": {"path":"C:\\Users\\Aarne\\Programming\\ReactNative\\course-react-native-testing\\app\\(tabs)\\index.tsx","statementMap":{"0":{"start":{"line":6,"column":30},"end":{"line":6,"column":50}},"1":{"start":{"line":8,"column":2},"end":{"line":34,"column":4}},"2":{"start":{"line":24,"column":32},"end":{"line":24,"column":47}},"3":{"start":{"line":37,"column":15},"end":{"line":53,"column":2}}},"fnMap":{"0":{"name":"TabOneScreen","decl":{"start":{"line":5,"column":24},"end":{"line":5,"column":36}},"loc":{"start":{"line":5,"column":39},"end":{"line":35,"column":1}},"line":5},"1":{"name":"(anonymous_1)","decl":{"start":{"line":24,"column":24},"end":{"line":24,"column":25}},"loc":{"start":{"line":24,"column":32},"end":{"line":24,"column":47}},"line":24}},"branchMap":{"0":{"loc":{"start":{"line":27,"column":7},"end":{"line":31,"column":7}},"type":"binary-expr","locations":[{"start":{"line":27,"column":7},"end":{"line":27,"column":20}},{"start":{"line":28,"column":8},"end":{"line":30,"column":15}}],"line":27}},"s":{"0":8,"1":8,"2":1,"3":2},"f":{"0":8,"1":1},"b":{"0":[8,1]},"_coverageSchema":"1a1c01bbd47fc00a2c39e90264f33305004495a9","hash":"3f91caf6a1ce5dd639d98c41ff169ac1f6afedee"}
,"C:\\Users\\Aarne\\Programming\\ReactNative\\course-react-native-testing\\app\\(tabs)\\two.tsx": {"path":"C:\\Users\\Aarne\\Programming\\ReactNative\\course-react-native-testing\\app\\(tabs)\\two.tsx","statementMap":{"0":{"start":{"line":16,"column":34},"end":{"line":16,"column":57}},"1":{"start":{"line":18,"column":23},"end":{"line":21,"column":3}},"2":{"start":{"line":19,"column":21},"end":{"line":19,"column":40}},"3":{"start":{"line":20,"column":4},"end":{"line":20,"column":26}},"4":{"start":{"line":23,"column":53},"end":{"line":29,"column":3}},"5":{"start":{"line":24,"column":4},"end":{"line":28,"column":23}},"6":{"start":{"line":31,"column":2},"end":{"line":42,"column":4}},"7":{"start":{"line":38,"column":32},"end":{"line":38,"column":50}},"8":{"start":{"line":45,"column":15},"end":{"line":73,"column":2}}},"fnMap":{"0":{"name":"TabTwoScreen","decl":{"start":{"line":15,"column":24},"end":{"line":15,"column":36}},"loc":{"start":{"line":15,"column":39},"end":{"line":43,"column":1}},"line":15},"1":{"name":"(anonymous_1)","decl":{"start":{"line":18,"column":23},"end":{"line":18,"column":24}},"loc":{"start":{"line":18,"column":35},"end":{"line":21,"column":3}},"line":18},"2":{"name":"(anonymous_2)","decl":{"start":{"line":23,"column":53},"end":{"line":23,"column":54}},"loc":{"start":{"line":24,"column":4},"end":{"line":28,"column":23}},"line":24},"3":{"name":"(anonymous_3)","decl":{"start":{"line":38,"column":22},"end":{"line":38,"column":23}},"loc":{"start":{"line":38,"column":32},"end":{"line":38,"column":50}},"line":38}},"branchMap":{},"s":{"0":0,"1":0,"2":0,"3":0,"4":0,"5":0,"6":0,"7":0,"8":0},"f":{"0":0,"1":0,"2":0,"3":0},"b":{}}
,"C:\\Users\\Aarne\\Programming\\ReactNative\\course-react-native-testing\\components\\GalacticCounter.tsx": {"path":"C:\\Users\\Aarne\\Programming\\ReactNative\\course-react-native-testing\\components\\GalacticCounter.tsx","statementMap":{"0":{"start":{"line":4,"column":24},"end":{"line":18,"column":1}},"1":{"start":{"line":5,"column":28},"end":{"line":5,"column":47}},"2":{"start":{"line":6,"column":18},"end":{"line":6,"column":54}},"3":{"start":{"line":6,"column":24},"end":{"line":6,"column":54}},"4":{"start":{"line":6,"column":44},"end":{"line":6,"column":53}},"5":{"start":{"line":7,"column":23},"end":{"line":7,"column":59}},"6":{"start":{"line":7,"column":29},"end":{"line":7,"column":59}},"7":{"start":{"line":7,"column":49},"end":{"line":7,"column":58}},"8":{"start":{"line":9,"column":2},"end":{"line":17,"column":4}},"9":{"start":{"line":20,"column":15},"end":{"line":30,"column":2}}},"fnMap":{"0":{"name":"(anonymous_0)","decl":{"start":{"line":4,"column":24},"end":{"line":4,"column":25}},"loc":{"start":{"line":4,"column":30},"end":{"line":18,"column":1}},"line":4},"1":{"name":"(anonymous_1)","decl":{"start":{"line":6,"column":18},"end":{"line":6,"column":19}},"loc":{"start":{"line":6,"column":24},"end":{"line":6,"column":54}},"line":6},"2":{"name":"(anonymous_2)","decl":{"start":{"line":6,"column":33},"end":{"line":6,"column":34}},"loc":{"start":{"line":6,"column":44},"end":{"line":6,"column":53}},"line":6},"3":{"name":"(anonymous_3)","decl":{"start":{"line":7,"column":23},"end":{"line":7,"column":24}},"loc":{"start":{"line":7,"column":29},"end":{"line":7,"column":59}},"line":7},"4":{"name":"(anonymous_4)","decl":{"start":{"line":7,"column":38},"end":{"line":7,"column":39}},"loc":{"start":{"line":7,"column":49},"end":{"line":7,"column":58}},"line":7}},"branchMap":{},"s":{"0":3,"1":14,"2":14,"3":2,"4":2,"5":14,"6":3,"7":3,"8":14,"9":3},"f":{"0":14,"1":2,"2":2,"3":3,"4":3},"b":{},"_coverageSchema":"1a1c01bbd47fc00a2c39e90264f33305004495a9","hash":"160947028a7943670dbfafb6d22ddf4fc4ca1812"}
,"C:\\Users\\Aarne\\Programming\\ReactNative\\course-react-native-testing\\constants\\Colors.ts": {"path":"C:\\Users\\Aarne\\Programming\\ReactNative\\course-react-native-testing\\constants\\Colors.ts","statementMap":{"0":{"start":{"line":1,"column":23},"end":{"line":1,"column":32}},"1":{"start":{"line":2,"column":22},"end":{"line":2,"column":28}}},"fnMap":{},"branchMap":{},"s":{"0":0,"1":0},"f":{},"b":{}}
,"C:\\Users\\Aarne\\Programming\\ReactNative\\course-react-native-testing\\utils\\api.ts": {"path":"C:\\Users\\Aarne\\Programming\\ReactNative\\course-react-native-testing\\utils\\api.ts","statementMap":{"0":{"start":{"line":10,"column":20},"end":{"line":14,"column":1}},"1":{"start":{"line":11,"column":19},"end":{"line":11,"column":67}},"2":{"start":{"line":12,"column":15},"end":{"line":12,"column":36}},"3":{"start":{"line":13,"column":2},"end":{"line":13,"column":14}}},"fnMap":{"0":{"name":"(anonymous_0)","decl":{"start":{"line":10,"column":20},"end":{"line":10,"column":21}},"loc":{"start":{"line":10,"column":52},"end":{"line":14,"column":1}},"line":10}},"branchMap":{},"s":{"0":1,"1":4,"2":3,"3":3},"f":{"0":4},"b":{},"_coverageSchema":"1a1c01bbd47fc00a2c39e90264f33305004495a9","hash":"5be67151b055fe857bcc89a1c85f3603f66b2ac3"}
,"C:\\Users\\Aarne\\Programming\\ReactNative\\course-react-native-testing\\utils\\cart.ts": {"path":"C:\\Users\\Aarne\\Programming\\ReactNative\\course-react-native-testing\\utils\\cart.ts","statementMap":{"0":{"start":{"line":3,"column":19},"end":{"line":5,"column":1}},"1":{"start":{"line":4,"column":2},"end":{"line":4,"column":58}},"2":{"start":{"line":4,"column":37},"end":{"line":4,"column":53}},"3":{"start":{"line":7,"column":18},"end":{"line":14,"column":1}},"4":{"start":{"line":8,"column":2},"end":{"line":13,"column":3}},"5":{"start":{"line":9,"column":22},"end":{"line":9,"column":42}},"6":{"start":{"line":10,"column":4},"end":{"line":10,"column":50}},"7":{"start":{"line":12,"column":4},"end":{"line":12,"column":43}},"8":{"start":{"line":16,"column":17},"end":{"line":23,"column":1}},"9":{"start":{"line":17,"column":2},"end":{"line":22,"column":3}},"10":{"start":{"line":18,"column":22},"end":{"line":18,"column":56}},"11":{"start":{"line":19,"column":4},"end":{"line":19,"column":58}},"12":{"start":{"line":21,"column":4},"end":{"line":21,"column":43}}},"fnMap":{"0":{"name":"(anonymous_0)","decl":{"start":{"line":3,"column":19},"end":{"line":3,"column":20}},"loc":{"start":{"line":3,"column":37},"end":{"line":5,"column":1}},"line":3},"1":{"name":"(anonymous_1)","decl":{"start":{"line":4,"column":22},"end":{"line":4,"column":23}},"loc":{"start":{"line":4,"column":37},"end":{"line":4,"column":53}},"line":4},"2":{"name":"(anonymous_2)","decl":{"start":{"line":7,"column":18},"end":{"line":7,"column":19}},"loc":{"start":{"line":7,"column":39},"end":{"line":14,"column":1}},"line":7},"3":{"name":"(anonymous_3)","decl":{"start":{"line":16,"column":17},"end":{"line":16,"column":18}},"loc":{"start":{"line":16,"column":29},"end":{"line":23,"column":1}},"line":16}},"branchMap":{"0":{"loc":{"start":{"line":19,"column":11},"end":{"line":19,"column":57}},"type":"cond-expr","locations":[{"start":{"line":19,"column":31},"end":{"line":19,"column":52}},{"start":{"line":19,"column":55},"end":{"line":19,"column":57}}],"line":19}},"s":{"0":1,"1":1,"2":2,"3":1,"4":1,"5":1,"6":1,"7":0,"8":1,"9":2,"10":2,"11":2,"12":0},"f":{"0":1,"1":2,"2":1,"3":2},"b":{"0":[1,1]},"_coverageSchema":"1a1c01bbd47fc00a2c39e90264f33305004495a9","hash":"d0980478541d4d9aaa32c99b4f5822dfdb51e840"}
}
